<?xml version="1.0" encoding="UTF-8"?>
<testsuite xmlns:xsi="http://www.w3.org/2001/XMLSchema-instance" xsi:noNamespaceSchemaLocation="https://maven.apache.org/surefire/maven-failsafe-plugin/xsd/failsafe-test-report-3.0.xsd" version="3.0" name="com.serenity.apiTests.CreateStudentTest" time="1.837" tests="10" errors="0" skipped="0" failures="0">
  <properties>
[...]
</properties>
  <testcase name="verifyCreateNewStudent10" classname="com.serenity.apiTests.CreateStudentTest" time="1.159">
    <system-out><![CDATA[21:36:22.849 [main] INFO  n.thucydides.core.steps.StepEventBus - Loading JUnit Platform configuration parameters from classpath resource [junit-platform.properties].
Request method:	POST
Request URI:	http://localhost:8080/student
Proxy:			<none>
Request params:	<none>
Query params:	<none>
Form params:	<none>
Path params:	<none>
Headers:		Accept=*/*
				Content-Type=application/json; charset=UTF-8
Cookies:		<none>
Multiparts:		<none>
Body:
{
    "firstName": "Murphy",
    "lastName": "Holmes",
    "courses": [
        "Accounting",
        "Statistics"
    ],
    "id": "187",
    "programme": "Financial Analysis",
    "email": "ikm5dEUl@mail.com"
}
HTTP/1.1 201 
Location: http://localhost:8080/student/187
Content-Type: application/json
Transfer-Encoding: chunked
Date: Tue, 24 Sep 2024 20:36:24 GMT
Keep-Alive: timeout=60
Connection: keep-alive

{
    "msg": "Student added"
}
Test10 main
]]></system-out>
  </testcase>
  <testcase name="verifyCreateNewStudent2" classname="com.serenity.apiTests.CreateStudentTest" time="0.023">
    <system-out><![CDATA[Request method:	POST
Request URI:	http://localhost:8080/student
Proxy:			<none>
Request params:	<none>
Query params:	<none>
Form params:	<none>
Path params:	<none>
Headers:		Accept=*/*
				Content-Type=application/json; charset=UTF-8
Cookies:		<none>
Multiparts:		<none>
Body:
{
    "firstName": "Murphy",
    "lastName": "Holmes",
    "courses": [
        "Accounting",
        "Statistics"
    ],
    "id": "119",
    "programme": "Financial Analysis",
    "email": "iPYGoz6s@mail.com"
}
HTTP/1.1 201 
Location: http://localhost:8080/student/119
Content-Type: application/json
Transfer-Encoding: chunked
Date: Tue, 24 Sep 2024 20:36:24 GMT
Keep-Alive: timeout=60
Connection: keep-alive

{
    "msg": "Student added"
}
Test2 main
]]></system-out>
  </testcase>
  <testcase name="verifyCreateNewStudent3" classname="com.serenity.apiTests.CreateStudentTest" time="0.017">
    <system-out><![CDATA[Request method:	POST
Request URI:	http://localhost:8080/student
Proxy:			<none>
Request params:	<none>
Query params:	<none>
Form params:	<none>
Path params:	<none>
Headers:		Accept=*/*
				Content-Type=application/json; charset=UTF-8
Cookies:		<none>
Multiparts:		<none>
Body:
{
    "firstName": "Murphy",
    "lastName": "Holmes",
    "courses": [
        "Accounting",
        "Statistics"
    ],
    "id": "603",
    "programme": "Financial Analysis",
    "email": "CJe8JEHH@mail.com"
}
HTTP/1.1 201 
Location: http://localhost:8080/student/603
Content-Type: application/json
Transfer-Encoding: chunked
Date: Tue, 24 Sep 2024 20:36:24 GMT
Keep-Alive: timeout=60
Connection: keep-alive

{
    "msg": "Student added"
}
Test3 main
]]></system-out>
  </testcase>
  <testcase name="verifyCreateNewStudent4" classname="com.serenity.apiTests.CreateStudentTest" time="0.017">
    <system-out><![CDATA[Request method:	POST
Request URI:	http://localhost:8080/student
Proxy:			<none>
Request params:	<none>
Query params:	<none>
Form params:	<none>
Path params:	<none>
Headers:		Accept=*/*
				Content-Type=application/json; charset=UTF-8
Cookies:		<none>
Multiparts:		<none>
Body:
{
    "firstName": "Murphy",
    "lastName": "Holmes",
    "courses": [
        "Accounting",
        "Statistics"
    ],
    "id": "591",
    "programme": "Financial Analysis",
    "email": "tiO8Wewd@mail.com"
}
HTTP/1.1 201 
Location: http://localhost:8080/student/591
Content-Type: application/json
Transfer-Encoding: chunked
Date: Tue, 24 Sep 2024 20:36:24 GMT
Keep-Alive: timeout=60
Connection: keep-alive

{
    "msg": "Student added"
}
Test4 main
]]></system-out>
  </testcase>
  <testcase name="verifyCreateNewStudent5" classname="com.serenity.apiTests.CreateStudentTest" time="0.024">
    <system-out><![CDATA[Request method:	POST
Request URI:	http://localhost:8080/student
Proxy:			<none>
Request params:	<none>
Query params:	<none>
Form params:	<none>
Path params:	<none>
Headers:		Accept=*/*
				Content-Type=application/json; charset=UTF-8
Cookies:		<none>
Multiparts:		<none>
Body:
{
    "firstName": "Murphy",
    "lastName": "Holmes",
    "courses": [
        "Accounting",
        "Statistics"
    ],
    "id": "436",
    "programme": "Financial Analysis",
    "email": "ujfSaJMw@mail.com"
}
HTTP/1.1 201 
Location: http://localhost:8080/student/436
Content-Type: application/json
Transfer-Encoding: chunked
Date: Tue, 24 Sep 2024 20:36:24 GMT
Keep-Alive: timeout=60
Connection: keep-alive

{
    "msg": "Student added"
}
Test5 main
]]></system-out>
  </testcase>
  <testcase name="verifyCreateNewStudent6" classname="com.serenity.apiTests.CreateStudentTest" time="0.017">
    <system-out><![CDATA[Request method:	POST
Request URI:	http://localhost:8080/student
Proxy:			<none>
Request params:	<none>
Query params:	<none>
Form params:	<none>
Path params:	<none>
Headers:		Accept=*/*
				Content-Type=application/json; charset=UTF-8
Cookies:		<none>
Multiparts:		<none>
Body:
{
    "firstName": "Murphy",
    "lastName": "Holmes",
    "courses": [
        "Accounting",
        "Statistics"
    ],
    "id": "214",
    "programme": "Financial Analysis",
    "email": "S0OtXJZs@mail.com"
}
HTTP/1.1 201 
Location: http://localhost:8080/student/214
Content-Type: application/json
Transfer-Encoding: chunked
Date: Tue, 24 Sep 2024 20:36:24 GMT
Keep-Alive: timeout=60
Connection: keep-alive

{
    "msg": "Student added"
}
Test6 main
]]></system-out>
  </testcase>
  <testcase name="verifyCreateNewStudent7" classname="com.serenity.apiTests.CreateStudentTest" time="0.014">
    <system-out><![CDATA[Request method:	POST
Request URI:	http://localhost:8080/student
Proxy:			<none>
Request params:	<none>
Query params:	<none>
Form params:	<none>
Path params:	<none>
Headers:		Accept=*/*
				Content-Type=application/json; charset=UTF-8
Cookies:		<none>
Multiparts:		<none>
Body:
{
    "firstName": "Murphy",
    "lastName": "Holmes",
    "courses": [
        "Accounting",
        "Statistics"
    ],
    "id": "139",
    "programme": "Financial Analysis",
    "email": "az8ASC3i@mail.com"
}
HTTP/1.1 201 
Location: http://localhost:8080/student/139
Content-Type: application/json
Transfer-Encoding: chunked
Date: Tue, 24 Sep 2024 20:36:24 GMT
Keep-Alive: timeout=60
Connection: keep-alive

{
    "msg": "Student added"
}
Test7 main
]]></system-out>
  </testcase>
  <testcase name="verifyCreateNewStudent8" classname="com.serenity.apiTests.CreateStudentTest" time="0.015">
    <system-out><![CDATA[Request method:	POST
Request URI:	http://localhost:8080/student
Proxy:			<none>
Request params:	<none>
Query params:	<none>
Form params:	<none>
Path params:	<none>
Headers:		Accept=*/*
				Content-Type=application/json; charset=UTF-8
Cookies:		<none>
Multiparts:		<none>
Body:
{
    "firstName": "Murphy",
    "lastName": "Holmes",
    "courses": [
        "Accounting",
        "Statistics"
    ],
    "id": "958",
    "programme": "Financial Analysis",
    "email": "SKjr6SX1@mail.com"
}
HTTP/1.1 201 
Location: http://localhost:8080/student/958
Content-Type: application/json
Transfer-Encoding: chunked
Date: Tue, 24 Sep 2024 20:36:24 GMT
Keep-Alive: timeout=60
Connection: keep-alive

{
    "msg": "Student added"
}
Test8 main
]]></system-out>
  </testcase>
  <testcase name="verifyCreateNewStudent9" classname="com.serenity.apiTests.CreateStudentTest" time="0.016">
    <system-out><![CDATA[Request method:	POST
Request URI:	http://localhost:8080/student
Proxy:			<none>
Request params:	<none>
Query params:	<none>
Form params:	<none>
Path params:	<none>
Headers:		Accept=*/*
				Content-Type=application/json; charset=UTF-8
Cookies:		<none>
Multiparts:		<none>
Body:
{
    "firstName": "Murphy",
    "lastName": "Holmes",
    "courses": [
        "Accounting",
        "Statistics"
    ],
    "id": "184",
    "programme": "Financial Analysis",
    "email": "U16VbYDr@mail.com"
}
HTTP/1.1 201 
Location: http://localhost:8080/student/184
Content-Type: application/json
Transfer-Encoding: chunked
Date: Tue, 24 Sep 2024 20:36:24 GMT
Keep-Alive: timeout=60
Connection: keep-alive

{
    "msg": "Student added"
}
Test9 main
]]></system-out>
  </testcase>
  <testcase name="verifyCreateNewStudent" classname="com.serenity.apiTests.CreateStudentTest" time="0.013">
    <system-out><![CDATA[Request method:	POST
Request URI:	http://localhost:8080/student
Proxy:			<none>
Request params:	<none>
Query params:	<none>
Form params:	<none>
Path params:	<none>
Headers:		Accept=*/*
				Content-Type=application/json; charset=UTF-8
Cookies:		<none>
Multiparts:		<none>
Body:
{
    "firstName": "Murphy",
    "lastName": "Holmes",
    "courses": [
        "Accounting",
        "Statistics"
    ],
    "id": "822",
    "programme": "Financial Analysis",
    "email": "CKXHGc0v@mail.com"
}
HTTP/1.1 201 
Location: http://localhost:8080/student/822
Content-Type: application/json
Transfer-Encoding: chunked
Date: Tue, 24 Sep 2024 20:36:24 GMT
Keep-Alive: timeout=60
Connection: keep-alive

{
    "msg": "Student added"
}
Test1 main
]]></system-out>
  </testcase>
</testsuite>